<?xml version="1.0" encoding="UTF-8"?>
<!-- Generated by org.testng.reporters.JUnitReportReporter -->
<testsuite hostname="DAYA" failures="0" tests="4" name="api.test.UserTests" time="11.116" errors="0" timestamp="2024-12-30T15:16:20 IST" skipped="0">
  <testcase classname="api.test.UserTests" name="testPostUser" time="4.897"/>
  <testcase classname="api.test.UserTests" name="tesGetUserByName" time="1.436"/>
  <testcase classname="api.test.UserTests" name="testUpdateUserByName" time="3.257"/>
  <testcase classname="api.test.UserTests" name="testDeleteUserByName" time="1.526"/>
</testsuite> <!-- api.test.UserTests -->
